0 info it worked if it ends with ok
1 verbose cli [
1 verbose cli   '/data/app/io.tempage.dorynode-Q3mWoQEuVEpL2zV2ebp-wA==/lib/arm64/lib_node_v16.so',
1 verbose cli   '/data/user/0/io.tempage.dorynode/files/bin/npm',
1 verbose cli   'start'
1 verbose cli ]
2 info using npm@6.14.17
3 info using node@v16.15.1
4 verbose run-script [ 'prestart', 'start', 'poststart' ]
5 info lifecycle accounting-system@1.0.0~prestart: accounting-system@1.0.0
6 info lifecycle accounting-system@1.0.0~start: accounting-system@1.0.0
7 warn lifecycle npm is using /data/app/io.tempage.dorynode-Q3mWoQEuVEpL2zV2ebp-wA==/lib/arm64/lib_node_v16.so but there is no node binary in the current PATH. Use the `--scripts-prepend-node-path` option to include the path for the node binary npm was executed with.
8 verbose lifecycle accounting-system@1.0.0~start: unsafe-perm in lifecycle true
9 verbose lifecycle accounting-system@1.0.0~start: PATH: /data/data/io.tempage.dorynode/files/npm/node_modules/npm-lifecycle/node-gyp-bin:/data/data/io.tempage.dorynode/app_HOME/accounting-system/node_modules/.bin:/data/user/0/io.tempage.dorynode/files/usr/sbin:/data/user/0/io.tempage.dorynode/files/usr/bin:/data/user/0/io.tempage.dorynode/files/sbin:/data/user/0/io.tempage.dorynode/files/bin:/sbin:/system/sbin:/product/bin:/apex/com.android.runtime/bin:/system/bin:/system/xbin:/odm/bin:/vendor/bin:/vendor/xbin
10 verbose lifecycle accounting-system@1.0.0~start: CWD: /data/data/io.tempage.dorynode/app_HOME/accounting-system
11 silly lifecycle accounting-system@1.0.0~start: Args: [ '-c', 'node server.js' ]
12 silly lifecycle accounting-system@1.0.0~start: Returned: code: 1  signal: null
13 info lifecycle accounting-system@1.0.0~start: Failed to exec start script
14 verbose stack Error: accounting-system@1.0.0 start: `node server.js`
14 verbose stack Exit status 1
14 verbose stack     at EventEmitter.<anonymous> (/data/data/io.tempage.dorynode/files/npm/node_modules/npm-lifecycle/index.js:332:16)
14 verbose stack     at EventEmitter.emit (node:events:527:28)
14 verbose stack     at ChildProcess.<anonymous> (/data/data/io.tempage.dorynode/files/npm/node_modules/npm-lifecycle/lib/spawn.js:55:14)
14 verbose stack     at ChildProcess.emit (node:events:527:28)
14 verbose stack     at maybeClose (node:internal/child_process:1092:16)
14 verbose stack     at Process.ChildProcess._handle.onexit (node:internal/child_process:302:5)
15 verbose pkgid accounting-system@1.0.0
16 verbose cwd /data/data/io.tempage.dorynode/app_HOME/accounting-system
17 verbose Linux 4.14.141+
18 verbose argv "/data/app/io.tempage.dorynode-Q3mWoQEuVEpL2zV2ebp-wA==/lib/arm64/lib_node_v16.so" "/data/user/0/io.tempage.dorynode/files/bin/npm" "start"
19 verbose node v16.15.1
20 verbose npm  v6.14.17
21 error code ELIFECYCLE
22 error errno 1
23 error accounting-system@1.0.0 start: `node server.js`
23 error Exit status 1
24 error Failed at the accounting-system@1.0.0 start script.
24 error This is probably not a problem with npm. There is likely additional logging output above.
25 verbose exit [ 1, true ]
