0 info it worked if it ends with ok
1 verbose cli [
1 verbose cli   '/data/app/io.tempage.dorynode-Q3mWoQEuVEpL2zV2ebp-wA==/lib/arm64/lib_node_v16.so',
1 verbose cli   '/data/user/0/io.tempage.dorynode/files/bin/npm',
1 verbose cli   'install',
1 verbose cli   '-g',
1 verbose cli   'firebase-tools'
1 verbose cli ]
2 info using npm@6.14.17
3 info using node@v16.15.1
4 verbose npm-session 8f8df9ffdbfe674d
5 silly install loadCurrentTree
6 silly install readGlobalPackageData
7 http fetch GET 200 https://registry.npmjs.org/firebase-tools 1607ms
8 http fetch GET 200 https://registry.npmjs.org/firebase-tools/-/firebase-tools-13.16.0.tgz 600ms
9 silly pacote tag manifest for firebase-tools@latest fetched in 2309ms
10 timing stage:loadCurrentTree Completed in 2455ms
11 silly install loadIdealTree
12 silly install cloneCurrentTreeToIdealTree
13 timing stage:loadIdealTree:cloneCurrentTree Completed in 1ms
14 silly install loadShrinkwrap
15 timing stage:loadIdealTree:loadShrinkwrap Completed in 4ms
16 silly install loadAllDepsIntoIdealTree
17 silly resolveWithNewModule firebase-tools@13.16.0 checking installable status
18 http fetch GET 200 https://registry.npmjs.org/@google-cloud%2fcloud-sql-connector 509ms
19 http fetch GET 200 https://registry.npmjs.org/abort-controller 958ms
20 http fetch GET 200 https://registry.npmjs.org/cli-table 938ms
21 http fetch GET 200 https://registry.npmjs.org/@google-cloud/cloud-sql-connector/-/cloud-sql-connector-1.3.4.tgz 474ms
22 http fetch GET 200 https://registry.npmjs.org/cjson 984ms
23 http fetch GET 304 https://registry.npmjs.org/body-parser 1034ms (from cache)
24 http fetch GET 200 https://registry.npmjs.org/async-lock 1048ms
25 http fetch GET 304 https://registry.npmjs.org/chokidar 1052ms (from cache)
26 silly pacote range manifest for body-parser@^1.19.0 fetched in 1072ms
27 silly resolveWithNewModule body-parser@1.20.2 checking installable status
28 silly pacote range manifest for @google-cloud/cloud-sql-connector@^1.3.3 fetched in 1120ms
29 silly resolveWithNewModule @google-cloud/cloud-sql-connector@1.3.4 checking installable status
30 silly pacote range manifest for chokidar@^3.6.0 fetched in 1100ms
31 silly resolveWithNewModule chokidar@3.6.0 checking installable status
32 http fetch GET 200 https://registry.npmjs.org/archiver 1134ms
33 http fetch GET 200 https://registry.npmjs.org/@google-cloud%2fpubsub 1215ms
34 http fetch GET 200 https://registry.npmjs.org/ajv 1220ms
35 http fetch GET 200 https://registry.npmjs.org/cli-table/-/cli-table-0.3.11.tgz 309ms
36 http fetch GET 200 https://registry.npmjs.org/abort-controller/-/abort-controller-3.0.0.tgz 330ms
37 http fetch GET 200 https://registry.npmjs.org/cjson/-/cjson-0.3.3.tgz 281ms
38 silly pacote range manifest for abort-controller@^3.0.0 fetched in 1315ms
39 silly resolveWithNewModule abort-controller@3.0.0 checking installable status
40 silly pacote version manifest for cli-table@0.3.11 fetched in 1293ms
41 silly resolveWithNewModule cli-table@0.3.11 checking installable status
42 silly pacote range manifest for cjson@^0.3.1 fetched in 1307ms
43 silly resolveWithNewModule cjson@0.3.3 checking installable status
44 http fetch GET 200 https://registry.npmjs.org/colorette 338ms
45 http fetch GET 200 https://registry.npmjs.org/archiver/-/archiver-7.0.1.tgz 289ms
46 http fetch GET 200 https://registry.npmjs.org/async-lock/-/async-lock-1.4.1.tgz 365ms
47 http fetch GET 200 https://registry.npmjs.org/configstore 347ms
48 silly pacote range manifest for archiver@^7.0.0 fetched in 1489ms
49 silly resolveWithNewModule archiver@7.0.1 checking installable status
50 silly pacote version manifest for async-lock@1.4.1 fetched in 1534ms
51 silly resolveWithNewModule async-lock@1.4.1 checking installable status
52 http fetch GET 200 https://registry.npmjs.org/commander 484ms
53 http fetch GET 200 https://registry.npmjs.org/cross-env 475ms
54 http fetch GET 200 https://registry.npmjs.org/ajv/-/ajv-6.12.6.tgz 533ms
55 http fetch GET 200 https://registry.npmjs.org/colorette/-/colorette-2.0.20.tgz 367ms
56 http fetch GET 200 https://registry.npmjs.org/configstore/-/configstore-5.0.1.tgz 334ms
57 http fetch GET 200 https://registry.npmjs.org/@google-cloud/pubsub/-/pubsub-4.7.0.tgz 598ms
58 http fetch GET 200 https://registry.npmjs.org/cross-spawn 493ms
59 http fetch GET 304 https://registry.npmjs.org/cors 514ms (from cache)
60 silly pacote range manifest for ajv@^6.12.6 fetched in 1858ms
61 silly resolveWithNewModule ajv@6.12.6 checking installable status
62 silly pacote range manifest for colorette@^2.0.19 fetched in 776ms
63 silly resolveWithNewModule colorette@2.0.20 checking installable status
64 silly pacote range manifest for cors@^2.8.5 fetched in 561ms
65 silly resolveWithNewModule cors@2.8.5 checking installable status
66 silly pacote range manifest for configstore@^5.0.1 fetched in 788ms
67 silly resolveWithNewModule configstore@5.0.1 checking installable status
68 silly pacote range manifest for @google-cloud/pubsub@^4.5.0 fetched in 1922ms
69 silly resolveWithNewModule @google-cloud/pubsub@4.7.0 checking installable status
70 http fetch GET 200 https://registry.npmjs.org/commander/-/commander-4.1.1.tgz 349ms
71 http fetch GET 200 https://registry.npmjs.org/csv-parse 470ms
72 http fetch GET 200 https://registry.npmjs.org/deep-equal-in-any-order 423ms
73 silly pacote range manifest for commander@^4.0.1 fetched in 875ms
74 silly resolveWithNewModule commander@4.1.1 checking installable status
75 http fetch GET 200 https://registry.npmjs.org/cross-env/-/cross-env-5.2.1.tgz 228ms
76 silly pacote range manifest for cross-env@^5.1.3 fetched in 725ms
77 silly resolveWithNewModule cross-env@5.2.1 checking installable status
78 http fetch GET 200 https://registry.npmjs.org/cross-spawn/-/cross-spawn-7.0.3.tgz 468ms
79 http fetch GET 200 https://registry.npmjs.org/exegesis 449ms
80 http fetch GET 200 https://registry.npmjs.org/exegesis-express 463ms
81 http fetch GET 304 https://registry.npmjs.org/form-data 436ms (from cache)
82 http fetch GET 200 https://registry.npmjs.org/deep-equal-in-any-order/-/deep-equal-in-any-order-2.0.6.tgz 369ms
83 silly pacote range manifest for form-data@^4.0.0 fetched in 450ms
84 silly resolveWithNewModule form-data@4.0.0 checking installable status
85 http fetch GET 304 https://registry.npmjs.org/express 489ms (from cache)
86 silly pacote range manifest for cross-spawn@^7.0.3 fetched in 1056ms
87 silly resolveWithNewModule cross-spawn@7.0.3 checking installable status
88 silly pacote range manifest for express@^4.16.4 fetched in 524ms
89 silly resolveWithNewModule express@4.19.2 checking installable status
90 http fetch GET 200 https://registry.npmjs.org/fuzzy 365ms
91 http fetch GET 200 https://registry.npmjs.org/fs-extra 438ms
92 silly pacote range manifest for deep-equal-in-any-order@^2.0.6 fetched in 888ms
93 silly resolveWithNewModule deep-equal-in-any-order@2.0.6 checking installable status
94 http fetch GET 200 https://registry.npmjs.org/filesize 537ms
95 http fetch GET 200 https://registry.npmjs.org/google-auth-library 53ms (from cache)
96 silly pacote range manifest for google-auth-library@^9.11.0 fetched in 70ms
97 silly resolveWithNewModule google-auth-library@9.14.0 checking installable status
98 http fetch GET 200 https://registry.npmjs.org/csv-parse/-/csv-parse-5.5.6.tgz 521ms
99 silly pacote range manifest for csv-parse@^5.0.4 fetched in 1004ms
100 silly resolveWithNewModule csv-parse@5.5.6 checking installable status
101 http fetch GET 200 https://registry.npmjs.org/exegesis/-/exegesis-4.2.0.tgz 257ms
102 http fetch GET 200 https://registry.npmjs.org/exegesis-express/-/exegesis-express-4.0.0.tgz 247ms
103 silly pacote range manifest for exegesis@^4.2.0 fetched in 732ms
104 silly resolveWithNewModule exegesis@4.2.0 checking installable status
105 silly pacote range manifest for exegesis-express@^4.0.0 fetched in 732ms
106 silly resolveWithNewModule exegesis-express@4.0.0 checking installable status
107 http fetch GET 200 https://registry.npmjs.org/glob 297ms
108 http fetch GET 200 https://registry.npmjs.org/fuzzy/-/fuzzy-0.1.3.tgz 309ms
109 http fetch GET 304 https://registry.npmjs.org/gaxios 362ms (from cache)
110 silly pacote range manifest for gaxios@^6.7.0 fetched in 386ms
111 silly resolveWithNewModule gaxios@6.7.1 checking installable status
112 http fetch GET 200 https://registry.npmjs.org/fs-extra/-/fs-extra-10.1.0.tgz 346ms
113 http fetch GET 200 https://registry.npmjs.org/filesize/-/filesize-6.4.0.tgz 331ms
114 http fetch GET 200 https://registry.npmjs.org/inquirer 360ms
115 silly pacote range manifest for fuzzy@^0.1.3 fetched in 773ms
116 silly resolveWithNewModule fuzzy@0.1.3 checking installable status
117 silly pacote range manifest for fs-extra@^10.1.0 fetched in 858ms
118 silly resolveWithNewModule fs-extra@10.1.0 checking installable status
119 http fetch GET 200 https://registry.npmjs.org/inquirer-autocomplete-prompt 379ms
120 http fetch GET 304 https://registry.npmjs.org/jsonwebtoken 365ms (from cache)
121 silly pacote range manifest for filesize@^6.1.0 fetched in 976ms
122 silly resolveWithNewModule filesize@6.4.0 checking installable status
123 http fetch GET 200 https://registry.npmjs.org/leven 297ms
124 http fetch GET 200 https://registry.npmjs.org/libsodium-wrappers 300ms
125 http fetch GET 200 https://registry.npmjs.org/jsonwebtoken/-/jsonwebtoken-9.0.2.tgz 46ms (from cache)
126 silly pacote range manifest for jsonwebtoken@^9.0.0 fetched in 432ms
127 silly resolveWithNewModule jsonwebtoken@9.0.2 checking installable status
128 http fetch GET 200 https://registry.npmjs.org/glob/-/glob-10.4.5.tgz 298ms
129 silly pacote range manifest for glob@^10.4.1 fetched in 622ms
130 silly resolveWithNewModule glob@10.4.5 checking installable status
131 http fetch GET 304 https://registry.npmjs.org/lodash 284ms (from cache)
132 http fetch GET 200 https://registry.npmjs.org/marked 271ms
133 http fetch GET 200 https://registry.npmjs.org/inquirer/-/inquirer-8.2.6.tgz 326ms
134 http fetch GET 200 https://registry.npmjs.org/marked-terminal 305ms
135 http fetch GET 200 https://registry.npmjs.org/leven/-/leven-3.1.0.tgz 274ms
136 http fetch GET 200 https://registry.npmjs.org/inquirer-autocomplete-prompt/-/inquirer-autocomplete-prompt-2.0.1.tgz 307ms
137 silly pacote range manifest for inquirer@^8.2.6 fetched in 759ms
138 silly resolveWithNewModule inquirer@8.2.6 checking installable status
139 http fetch GET 200 https://registry.npmjs.org/libsodium-wrappers/-/libsodium-wrappers-0.7.15.tgz 310ms
140 silly pacote range manifest for leven@^3.1.0 fetched in 630ms
141 silly resolveWithNewModule leven@3.1.0 checking installable status
142 silly pacote range manifest for inquirer-autocomplete-prompt@^2.0.1 fetched in 762ms
143 silly resolveWithNewModule inquirer-autocomplete-prompt@2.0.1 checking installable status
144 http fetch GET 304 https://registry.npmjs.org/mime 375ms (from cache)
145 http fetch GET 304 https://registry.npmjs.org/minimatch 344ms (from cache)
146 silly pacote range manifest for libsodium-wrappers@^0.7.10 fetched in 685ms
147 silly resolveWithNewModule libsodium-wrappers@0.7.15 checking installable status
148 silly pacote range manifest for minimatch@^3.0.4 fetched in 364ms
149 silly resolveWithNewModule minimatch@3.1.2 checking installable status
150 http fetch GET 200 https://registry.npmjs.org/morgan 297ms
151 http fetch GET 200 https://registry.npmjs.org/marked/-/marked-13.0.3.tgz 383ms
152 silly pacote range manifest for marked@^13.0.2 fetched in 681ms
153 silly resolveWithNewModule marked@13.0.3 checking installable status
154 http fetch GET 304 https://registry.npmjs.org/node-fetch 422ms (from cache)
155 silly pacote range manifest for node-fetch@^2.6.7 fetched in 441ms
156 silly resolveWithNewModule node-fetch@2.7.0 checking installable status
157 http fetch GET 200 https://registry.npmjs.org/open 419ms
158 http fetch GET 200 https://registry.npmjs.org/mime/-/mime-2.6.0.tgz 415ms
159 http fetch GET 200 https://registry.npmjs.org/ora 440ms
160 silly pacote range manifest for mime@^2.5.2 fetched in 906ms
161 silly resolveWithNewModule mime@2.6.0 checking installable status
162 http fetch GET 200 https://registry.npmjs.org/morgan/-/morgan-1.10.0.tgz 512ms
163 http fetch GET 200 https://registry.npmjs.org/lodash/-/lodash-4.17.21.tgz 780ms
164 http fetch GET 200 https://registry.npmjs.org/marked-terminal/-/marked-terminal-7.1.0.tgz 682ms
165 silly pacote range manifest for morgan@^1.10.0 fetched in 839ms
166 silly resolveWithNewModule morgan@1.10.0 checking installable status
167 http fetch GET 200 https://registry.npmjs.org/portfinder 353ms
168 http fetch GET 304 https://registry.npmjs.org/pg 554ms (from cache)
169 silly pacote range manifest for lodash@^4.17.21 fetched in 1113ms
170 silly resolveWithNewModule lodash@4.17.21 checking installable status
171 silly pacote range manifest for marked-terminal@^7.0.0 fetched in 1042ms
172 silly resolveWithNewModule marked-terminal@7.1.0 checking installable status
173 http fetch GET 200 https://registry.npmjs.org/pg/-/pg-8.12.0.tgz 25ms (from cache)
174 silly pacote range manifest for pg@^8.11.3 fetched in 602ms
175 silly resolveWithNewModule pg@8.12.0 checking installable status
176 http fetch GET 200 https://registry.npmjs.org/open/-/open-6.4.0.tgz 325ms
177 http fetch GET 200 https://registry.npmjs.org/progress 342ms
178 http fetch GET 200 https://registry.npmjs.org/ora/-/ora-5.4.1.tgz 301ms
179 silly pacote range manifest for open@^6.3.0 fetched in 774ms
180 silly resolveWithNewModule open@6.4.0 checking installable status
181 silly pacote range manifest for ora@^5.4.1 fetched in 761ms
182 silly resolveWithNewModule ora@5.4.1 checking installable status
183 http fetch GET 200 https://registry.npmjs.org/p-limit 736ms
184 http fetch GET 200 https://registry.npmjs.org/proxy-agent 263ms
185 http fetch GET 200 https://registry.npmjs.org/portfinder/-/portfinder-1.0.32.tgz 252ms
186 http fetch GET 200 https://registry.npmjs.org/retry 275ms
187 silly pacote range manifest for portfinder@^1.0.32 fetched in 649ms
188 silly resolveWithNewModule portfinder@1.0.32 checking installable status
189 http fetch GET 200 https://registry.npmjs.org/rimraf 275ms
190 http fetch GET 304 https://registry.npmjs.org/semver 282ms (from cache)
191 silly pacote range manifest for semver@^7.5.2 fetched in 296ms
192 silly resolveWithNewModule semver@7.6.3 checking installable status
193 http fetch GET 200 https://registry.npmjs.org/sql-formatter 308ms
194 http fetch GET 200 https://registry.npmjs.org/progress/-/progress-2.0.3.tgz 253ms
195 silly pacote range manifest for progress@^2.0.3 fetched in 604ms
196 silly resolveWithNewModule progress@2.0.3 checking installable status
197 http fetch GET 200 https://registry.npmjs.org/p-limit/-/p-limit-3.1.0.tgz 241ms
198 http fetch GET 200 https://registry.npmjs.org/stream-chain 288ms
199 silly pacote range manifest for p-limit@^3.0.1 fetched in 1007ms
200 silly resolveWithNewModule p-limit@3.1.0 checking installable status
201 http fetch GET 200 https://registry.npmjs.org/stream-json 311ms
202 http fetch GET 200 https://registry.npmjs.org/proxy-agent/-/proxy-agent-6.4.0.tgz 264ms
203 silly pacote range manifest for proxy-agent@^6.3.0 fetched in 546ms
204 silly resolveWithNewModule proxy-agent@6.4.0 checking installable status
205 http fetch GET 200 https://registry.npmjs.org/retry/-/retry-0.13.1.tgz 268ms
206 http fetch GET 200 https://registry.npmjs.org/strip-ansi 250ms
207 silly pacote range manifest for retry@^0.13.1 fetched in 563ms
208 silly resolveWithNewModule retry@0.13.1 checking installable status
209 http fetch GET 200 https://registry.npmjs.org/rimraf/-/rimraf-5.0.10.tgz 356ms
210 silly pacote range manifest for rimraf@^5.0.0 fetched in 655ms
211 silly resolveWithNewModule rimraf@5.0.10 checking installable status
212 http fetch GET 200 https://registry.npmjs.org/superstatic 380ms
213 http fetch GET 200 https://registry.npmjs.org/tar 474ms
214 http fetch GET 200 https://registry.npmjs.org/stream-json/-/stream-json-1.8.0.tgz 642ms
215 http fetch GET 200 https://registry.npmjs.org/stream-chain/-/stream-chain-2.2.5.tgz 689ms
216 http fetch GET 200 https://registry.npmjs.org/strip-ansi/-/strip-ansi-6.0.1.tgz 632ms
217 http fetch GET 200 https://registry.npmjs.org/sql-formatter/-/sql-formatter-15.4.1.tgz 806ms
218 http fetch GET 200 https://registry.npmjs.org/superstatic/-/superstatic-9.0.3.tgz 454ms
219 http fetch GET 200 https://registry.npmjs.org/tcp-port-used 750ms
220 http fetch GET 200 https://registry.npmjs.org/tmp 708ms
221 http fetch GET 200 https://registry.npmjs.org/triple-beam 652ms
222 http fetch GET 200 https://registry.npmjs.org/universal-analytics 576ms
223 silly pacote range manifest for stream-json@^1.7.3 fetched in 1106ms
224 silly resolveWithNewModule stream-json@1.8.0 checking installable status
225 silly pacote range manifest for stream-chain@^2.2.4 fetched in 1151ms
226 silly resolveWithNewModule stream-chain@2.2.5 checking installable status
227 http fetch GET 200 https://registry.npmjs.org/tar/-/tar-6.2.1.tgz 435ms
228 silly pacote range manifest for superstatic@^9.0.3 fetched in 994ms
229 silly resolveWithNewModule superstatic@9.0.3 checking installable status
230 silly pacote range manifest for strip-ansi@^6.0.1 fetched in 1036ms
231 silly resolveWithNewModule strip-ansi@6.0.1 checking installable status
232 silly pacote range manifest for sql-formatter@^15.3.0 fetched in 1306ms
233 silly resolveWithNewModule sql-formatter@15.4.1 checking installable status
234 silly pacote range manifest for tar@^6.1.11 fetched in 980ms
235 silly resolveWithNewModule tar@6.2.1 checking installable status
236 http fetch GET 200 https://registry.npmjs.org/tmp/-/tmp-0.2.3.tgz 333ms
237 http fetch GET 200 https://registry.npmjs.org/triple-beam/-/triple-beam-1.4.1.tgz 331ms
238 http fetch GET 200 https://registry.npmjs.org/tcp-port-used/-/tcp-port-used-1.0.2.tgz 345ms
239 http fetch GET 200 https://registry.npmjs.org/update-notifier-cjs 306ms
240 silly pacote range manifest for tmp@^0.2.3 fetched in 1128ms
241 silly resolveWithNewModule tmp@0.2.3 checking installable status
242 silly pacote range manifest for triple-beam@^1.3.0 fetched in 1062ms
243 silly resolveWithNewModule triple-beam@1.4.1 checking installable status
244 http fetch GET 200 https://registry.npmjs.org/universal-analytics/-/universal-analytics-0.5.3.tgz 338ms
245 silly pacote range manifest for tcp-port-used@^1.0.2 fetched in 1183ms
246 silly resolveWithNewModule tcp-port-used@1.0.2 checking installable status
247 http fetch GET 200 https://registry.npmjs.org/winston-transport 304ms
248 http fetch GET 304 https://registry.npmjs.org/uuid 339ms (from cache)
249 silly pacote range manifest for uuid@^8.3.2 fetched in 349ms
250 silly resolveWithNewModule uuid@8.3.2 checking installable status
251 silly pacote range manifest for universal-analytics@^0.5.3 fetched in 980ms
252 silly resolveWithNewModule universal-analytics@0.5.3 checking installable status
253 http fetch GET 200 https://registry.npmjs.org/winston 407ms
254 http fetch GET 200 https://registry.npmjs.org/yaml 373ms
255 http fetch GET 200 https://registry.npmjs.org/ws 400ms
256 http fetch GET 200 https://registry.npmjs.org/update-notifier-cjs/-/update-notifier-cjs-5.1.6.tgz 248ms
257 silly pacote range manifest for update-notifier-cjs@^5.1.6 fetched in 566ms
258 silly resolveWithNewModule update-notifier-cjs@5.1.6 checking installable status
259 http fetch GET 200 https://registry.npmjs.org/winston-transport/-/winston-transport-4.7.1.tgz 231ms
260 silly pacote range manifest for winston-transport@^4.4.0 fetched in 552ms
261 silly resolveWithNewModule winston-transport@4.7.1 checking installable status
262 http fetch GET 200 https://registry.npmjs.org/winston/-/winston-3.14.2.tgz 340ms
263 http fetch GET 200 https://registry.npmjs.org/ws/-/ws-7.5.10.tgz 326ms
264 http fetch GET 200 https://registry.npmjs.org/yaml/-/yaml-2.5.0.tgz 332ms
265 silly pacote range manifest for winston@^3.0.0 fetched in 779ms
266 silly resolveWithNewModule winston@3.14.2 checking installable status
267 silly pacote range manifest for ws@^7.5.10 fetched in 754ms
268 silly resolveWithNewModule ws@7.5.10 checking installable status
269 silly pacote range manifest for yaml@^2.4.1 fetched in 745ms
270 silly resolveWithNewModule yaml@2.5.0 checking installable status
271 http fetch GET 200 https://registry.npmjs.org/p-throttle 259ms
272 http fetch GET 200 https://registry.npmjs.org/@googleapis%2fsqladmin 371ms
273 http fetch GET 200 https://registry.npmjs.org/p-throttle/-/p-throttle-5.1.0.tgz 261ms
274 silly pacote range manifest for p-throttle@^5.1.0 fetched in 535ms
275 silly resolveWithNewModule p-throttle@5.1.0 checking installable status
276 http fetch GET 200 https://registry.npmjs.org/@googleapis/sqladmin/-/sqladmin-19.0.0.tgz 388ms
277 silly pacote range manifest for @googleapis/sqladmin@^19.0.0 fetched in 781ms
278 silly resolveWithNewModule @googleapis/sqladmin@19.0.0 checking installable status
279 http fetch GET 200 https://registry.npmjs.org/googleapis-common 342ms
280 http fetch GET 200 https://registry.npmjs.org/googleapis-common/-/googleapis-common-7.2.0.tgz 325ms
281 silly pacote range manifest for googleapis-common@^7.0.0 fetched in 725ms
282 silly resolveWithNewModule googleapis-common@7.2.0 checking installable status
283 silly pacote range manifest for uuid@^9.0.0 fetched in 299ms
284 silly resolveWithNewModule uuid@9.0.1 checking installable status
285 http fetch GET 200 https://registry.npmjs.org/url-template 317ms
286 http fetch GET 304 https://registry.npmjs.org/extend 574ms (from cache)
287 silly pacote range manifest for extend@^3.0.2 fetched in 593ms
288 silly resolveWithNewModule extend@3.0.2 checking installable status
289 http fetch GET 304 https://registry.npmjs.org/qs 595ms (from cache)
290 http fetch GET 200 https://registry.npmjs.org/url-template/-/url-template-2.0.8.tgz 292ms
291 silly pacote range manifest for url-template@^2.0.8 fetched in 626ms
292 silly resolveWithNewModule url-template@2.0.8 checking installable status
293 http fetch GET 200 https://registry.npmjs.org/qs/-/qs-6.13.0.tgz 303ms
294 silly pacote range manifest for qs@^6.7.0 fetched in 926ms
295 silly resolveWithNewModule qs@6.13.0 checking installable status
296 silly pacote range manifest for uuid@^9.0.1 fetched in 11ms
297 silly resolveWithNewModule uuid@9.0.1 checking installable status
298 http fetch GET 304 https://registry.npmjs.org/https-proxy-agent 307ms (from cache)
299 silly pacote range manifest for https-proxy-agent@^7.0.1 fetched in 318ms
300 silly resolveWithNewModule https-proxy-agent@7.0.5 checking installable status
301 http fetch GET 304 https://registry.npmjs.org/is-stream 317ms (from cache)
302 silly pacote range manifest for is-stream@^2.0.0 fetched in 322ms
303 silly resolveWithNewModule is-stream@2.0.1 checking installable status
304 http fetch GET 304 https://registry.npmjs.org/agent-base 282ms (from cache)
305 http fetch GET 304 https://registry.npmjs.org/debug 292ms (from cache)
306 silly pacote range manifest for agent-base@^7.0.2 fetched in 303ms
307 silly resolveWithNewModule agent-base@7.1.1 checking installable status
308 silly pacote range manifest for debug@4 fetched in 307ms
309 silly resolveWithNewModule debug@4.3.6 checking installable status
310 http fetch GET 304 https://registry.npmjs.org/ms 270ms (from cache)
311 silly pacote version manifest for ms@2.1.2 fetched in 275ms
312 silly resolveWithNewModule ms@2.1.2 checking installable status
313 http fetch GET 304 https://registry.npmjs.org/whatwg-url 252ms (from cache)
314 silly pacote range manifest for whatwg-url@^5.0.0 fetched in 265ms
315 silly resolveWithNewModule whatwg-url@5.0.0 checking installable status
316 http fetch GET 304 https://registry.npmjs.org/tr46 268ms (from cache)
317 silly pacote range manifest for tr46@~0.0.3 fetched in 276ms
318 silly resolveWithNewModule tr46@0.0.3 checking installable status
319 http fetch GET 304 https://registry.npmjs.org/webidl-conversions 328ms (from cache)
320 silly pacote range manifest for webidl-conversions@^3.0.0 fetched in 334ms
321 silly resolveWithNewModule webidl-conversions@3.0.1 checking installable status
322 http fetch GET 200 https://registry.npmjs.org/gcp-metadata 35ms (from cache)
323 silly pacote range manifest for gcp-metadata@^6.1.0 fetched in 42ms
324 silly resolveWithNewModule gcp-metadata@6.1.0 checking installable status
325 http fetch GET 304 https://registry.npmjs.org/base64-js 323ms (from cache)
326 silly pacote range manifest for base64-js@^1.3.0 fetched in 336ms
327 silly resolveWithNewModule base64-js@1.5.1 checking installable status
328 http fetch GET 304 https://registry.npmjs.org/ecdsa-sig-formatter 339ms (from cache)
329 http fetch GET 304 https://registry.npmjs.org/jws 339ms (from cache)
330 http fetch GET 304 https://registry.npmjs.org/gtoken 345ms (from cache)
331 silly pacote range manifest for jws@^4.0.0 fetched in 354ms
332 silly resolveWithNewModule jws@4.0.0 checking installable status
333 silly pacote range manifest for gtoken@^7.0.0 fetched in 362ms
334 silly resolveWithNewModule gtoken@7.1.0 checking installable status
335 silly pacote range manifest for ecdsa-sig-formatter@^1.0.11 fetched in 368ms
336 silly resolveWithNewModule ecdsa-sig-formatter@1.0.11 checking installable status
337 http fetch GET 304 https://registry.npmjs.org/safe-buffer 252ms (from cache)
338 silly pacote range manifest for safe-buffer@^5.0.1 fetched in 257ms
339 silly resolveWithNewModule safe-buffer@5.2.1 checking installable status
340 http fetch GET 200 https://registry.npmjs.org/json-bigint 9ms (from cache)
341 silly pacote range manifest for json-bigint@^1.0.0 fetched in 13ms
342 silly resolveWithNewModule json-bigint@1.0.0 checking installable status
343 http fetch GET 200 https://registry.npmjs.org/bignumber.js 8ms (from cache)
344 silly pacote range manifest for bignumber.js@^9.0.0 fetched in 13ms
345 silly resolveWithNewModule bignumber.js@9.1.2 checking installable status
346 http fetch GET 304 https://registry.npmjs.org/jwa 240ms (from cache)
347 silly pacote range manifest for jwa@^2.0.0 fetched in 246ms
348 silly resolveWithNewModule jwa@2.0.0 checking installable status
349 http fetch GET 304 https://registry.npmjs.org/buffer-equal-constant-time 277ms (from cache)
350 silly pacote version manifest for buffer-equal-constant-time@1.0.1 fetched in 284ms
351 silly resolveWithNewModule buffer-equal-constant-time@1.0.1 checking installable status
352 http fetch GET 304 https://registry.npmjs.org/side-channel 287ms (from cache)
353 silly pacote range manifest for side-channel@^1.0.6 fetched in 294ms
354 silly resolveWithNewModule side-channel@1.0.6 checking installable status
355 http fetch GET 304 https://registry.npmjs.org/get-intrinsic 427ms (from cache)
356 http fetch GET 304 https://registry.npmjs.org/call-bind 433ms (from cache)
357 http fetch GET 304 https://registry.npmjs.org/object-inspect 439ms (from cache)
358 http fetch GET 304 https://registry.npmjs.org/es-errors 449ms (from cache)
359 silly pacote range manifest for call-bind@^1.0.7 fetched in 461ms
360 silly resolveWithNewModule call-bind@1.0.7 checking installable status
361 silly pacote range manifest for get-intrinsic@^1.2.4 fetched in 468ms
362 silly resolveWithNewModule get-intrinsic@1.2.4 checking installable status
363 silly pacote range manifest for es-errors@^1.3.0 fetched in 472ms
364 silly resolveWithNewModule es-errors@1.3.0 checking installable status
365 silly pacote range manifest for object-inspect@^1.13.1 fetched in 477ms
366 silly resolveWithNewModule object-inspect@1.13.2 checking installable status
367 http fetch GET 304 https://registry.npmjs.org/function-bind 308ms (from cache)
368 http fetch GET 304 https://registry.npmjs.org/es-define-property 314ms (from cache)
369 http fetch GET 304 https://registry.npmjs.org/set-function-length 325ms (from cache)
370 silly pacote range manifest for function-bind@^1.1.2 fetched in 332ms
371 silly resolveWithNewModule function-bind@1.1.2 checking installable status
372 silly pacote range manifest for es-define-property@^1.0.0 fetched in 336ms
373 silly resolveWithNewModule es-define-property@1.0.0 checking installable status
374 silly pacote range manifest for set-function-length@^1.2.1 fetched in 339ms
375 silly resolveWithNewModule set-function-length@1.2.2 checking installable status
376 http fetch GET 304 https://registry.npmjs.org/has-proto 307ms (from cache)
377 http fetch GET 304 https://registry.npmjs.org/hasown 310ms (from cache)
378 http fetch GET 304 https://registry.npmjs.org/has-symbols 324ms (from cache)
379 silly pacote range manifest for has-proto@^1.0.1 fetched in 329ms
380 silly resolveWithNewModule has-proto@1.0.3 checking installable status
381 silly pacote range manifest for hasown@^2.0.0 fetched in 328ms
382 silly resolveWithNewModule hasown@2.0.2 checking installable status
383 silly pacote range manifest for has-symbols@^1.0.3 fetched in 379ms
384 silly resolveWithNewModule has-symbols@1.0.3 checking installable status
385 http fetch GET 304 https://registry.npmjs.org/has-property-descriptors 333ms (from cache)
386 http fetch GET 304 https://registry.npmjs.org/gopd 341ms (from cache)
387 silly pacote range manifest for has-property-descriptors@^1.0.2 fetched in 395ms
388 silly resolveWithNewModule has-property-descriptors@1.0.2 checking installable status
389 silly pacote range manifest for gopd@^1.0.1 fetched in 403ms
390 silly resolveWithNewModule gopd@1.0.1 checking installable status
391 http fetch GET 304 https://registry.npmjs.org/define-data-property 411ms (from cache)
392 silly pacote range manifest for define-data-property@^1.1.4 fetched in 429ms
393 silly resolveWithNewModule define-data-property@1.1.4 checking installable status
394 http fetch GET 200 https://registry.npmjs.org/heap-js 402ms
395 http fetch GET 200 https://registry.npmjs.org/is-stream-ended 405ms
396 http fetch GET 200 https://registry.npmjs.org/arrify 412ms
397 http fetch GET 200 https://registry.npmjs.org/@opentelemetry%2fapi 597ms
398 http fetch GET 200 https://registry.npmjs.org/@google-cloud%2fprojectify 634ms
399 http fetch GET 200 https://registry.npmjs.org/@google-cloud%2fprecise-date 640ms
400 http fetch GET 200 https://registry.npmjs.org/@google-cloud%2fpromisify 679ms
401 http fetch GET 200 https://registry.npmjs.org/@opentelemetry%2fsemantic-conventions 678ms
402 http fetch GET 200 https://registry.npmjs.org/@google-cloud%2fpaginator 701ms
403 http fetch GET 200 https://registry.npmjs.org/heap-js/-/heap-js-2.5.0.tgz 305ms
404 http fetch GET 200 https://registry.npmjs.org/arrify/-/arrify-2.0.1.tgz 278ms
405 http fetch GET 200 https://registry.npmjs.org/google-gax 780ms
406 silly pacote range manifest for heap-js@^2.2.0 fetched in 803ms
407 silly resolveWithNewModule heap-js@2.5.0 checking installable status
408 silly pacote range manifest for arrify@^2.0.0 fetched in 817ms
409 silly resolveWithNewModule arrify@2.0.1 checking installable status
410 http fetch GET 200 https://registry.npmjs.org/is-stream-ended/-/is-stream-ended-0.1.4.tgz 372ms
411 silly pacote range manifest for is-stream-ended@^0.1.4 fetched in 839ms
412 silly resolveWithNewModule is-stream-ended@0.1.4 checking installable status
413 http fetch GET 200 https://registry.npmjs.org/@google-cloud/paginator/-/paginator-5.0.2.tgz 556ms
414 http fetch GET 200 https://registry.npmjs.org/@google-cloud/precise-date/-/precise-date-4.0.0.tgz 618ms
415 http fetch GET 200 https://registry.npmjs.org/@opentelemetry/api/-/api-1.9.0.tgz 646ms
416 http fetch GET 200 https://registry.npmjs.org/@google-cloud/projectify/-/projectify-4.0.0.tgz 625ms
417 http fetch GET 200 https://registry.npmjs.org/@google-cloud/promisify/-/promisify-4.0.0.tgz 590ms
418 http fetch GET 200 https://registry.npmjs.org/lodash.snakecase 479ms
419 http fetch GET 200 https://registry.npmjs.org/@opentelemetry/semantic-conventions/-/semantic-conventions-1.25.1.tgz 604ms
420 silly pacote range manifest for @google-cloud/paginator@^5.0.0 fetched in 1323ms
421 silly resolveWithNewModule @google-cloud/paginator@5.0.2 checking installable status
422 silly pacote range manifest for @google-cloud/precise-date@^4.0.0 fetched in 1324ms
423 silly resolveWithNewModule @google-cloud/precise-date@4.0.0 checking installable status
424 http fetch GET 200 https://registry.npmjs.org/p-defer 496ms
425 silly pacote range manifest for @opentelemetry/api@~1.9.0 fetched in 1320ms
426 silly resolveWithNewModule @opentelemetry/api@1.9.0 checking installable status
427 silly pacote range manifest for @google-cloud/projectify@^4.0.0 fetched in 1332ms
428 silly resolveWithNewModule @google-cloud/projectify@4.0.0 checking installable status
429 silly pacote range manifest for @google-cloud/promisify@^4.0.0 fetched in 1347ms
430 silly resolveWithNewModule @google-cloud/promisify@4.0.0 checking installable status
431 silly pacote range manifest for @opentelemetry/semantic-conventions@~1.25.1 fetched in 1347ms
432 silly resolveWithNewModule @opentelemetry/semantic-conventions@1.25.1 checking installable status
433 http fetch GET 200 https://registry.npmjs.org/google-gax/-/google-gax-4.4.0.tgz 812ms
434 http fetch GET 200 https://registry.npmjs.org/lodash.snakecase/-/lodash.snakecase-4.1.1.tgz 339ms
435 http fetch GET 200 https://registry.npmjs.org/p-defer/-/p-defer-3.0.0.tgz 312ms
436 silly pacote range manifest for google-gax@^4.3.3 fetched in 1647ms
437 silly resolveWithNewModule google-gax@4.4.0 checking installable status
438 silly pacote range manifest for lodash.snakecase@^4.1.1 fetched in 843ms
439 silly resolveWithNewModule lodash.snakecase@4.1.1 checking installable status
440 silly pacote range manifest for p-defer@^3.0.0 fetched in 835ms
441 silly resolveWithNewModule p-defer@3.0.0 checking installable status
442 silly pacote range manifest for uuid@^9.0.1 fetched in 18ms
443 silly resolveWithNewModule uuid@9.0.1 checking installable status
444 http fetch GET 200 https://registry.npmjs.org/duplexify 344ms
445 http fetch GET 200 https://registry.npmjs.org/proto3-json-serializer 380ms
446 http fetch GET 200 https://registry.npmjs.org/@types%2flong 385ms
447 http fetch GET 200 https://registry.npmjs.org/retry-request 386ms
448 http fetch GET 200 https://registry.npmjs.org/object-hash 421ms
449 http fetch GET 200 https://registry.npmjs.org/@grpc%2fproto-loader 451ms
450 http fetch GET 200 https://registry.npmjs.org/@grpc%2fgrpc-js 636ms
451 http fetch GET 200 https://registry.npmjs.org/duplexify/-/duplexify-4.1.3.tgz 301ms
452 silly pacote range manifest for duplexify@^4.0.0 fetched in 746ms
453 silly resolveWithNewModule duplexify@4.1.3 checking installable status
454 http fetch GET 200 https://registry.npmjs.org/object-hash/-/object-hash-3.0.0.tgz 334ms
455 http fetch GET 200 https://registry.npmjs.org/retry-request/-/retry-request-7.0.2.tgz 377ms
456 http fetch GET 200 https://registry.npmjs.org/@types/long/-/long-4.0.2.tgz 392ms
457 http fetch GET 200 https://registry.npmjs.org/@grpc/proto-loader/-/proto-loader-0.7.13.tgz 351ms
458 http fetch GET 200 https://registry.npmjs.org/proto3-json-serializer/-/proto3-json-serializer-2.0.2.tgz 421ms
459 silly pacote range manifest for object-hash@^3.0.0 fetched in 829ms
460 silly resolveWithNewModule object-hash@3.0.0 checking installable status
461 silly pacote range manifest for retry-request@^7.0.0 fetched in 830ms
462 silly resolveWithNewModule retry-request@7.0.2 checking installable status
463 silly pacote range manifest for @types/long@^4.0.0 fetched in 839ms
464 silly resolveWithNewModule @types/long@4.0.2 checking installable status
465 silly pacote range manifest for @grpc/proto-loader@^0.7.13 fetched in 848ms
466 silly resolveWithNewModule @grpc/proto-loader@0.7.13 checking installable status
467 silly pacote range manifest for proto3-json-serializer@^2.0.2 fetched in 846ms
468 silly resolveWithNewModule proto3-json-serializer@2.0.2 checking installable status
469 http fetch GET 200 https://registry.npmjs.org/protobufjs 878ms
470 http fetch GET 200 https://registry.npmjs.org/@grpc/grpc-js/-/grpc-js-1.11.1.tgz 651ms
471 silly pacote range manifest for @grpc/grpc-js@^1.10.9 fetched in 1354ms
472 silly resolveWithNewModule @grpc/grpc-js@1.11.1 checking installable status
473 http fetch GET 200 https://registry.npmjs.org/protobufjs/-/protobufjs-7.4.0.tgz 856ms
474 silly pacote range manifest for protobufjs@^7.3.2 fetched in 1773ms
475 silly resolveWithNewModule protobufjs@7.4.0 checking installable status
476 http fetch GET 200 https://registry.npmjs.org/@js-sdsl%2fordered-map 423ms
477 http fetch GET 200 https://registry.npmjs.org/@js-sdsl/ordered-map/-/ordered-map-4.4.2.tgz 397ms
478 silly pacote range manifest for @js-sdsl/ordered-map@^4.4.2 fetched in 860ms
479 silly resolveWithNewModule @js-sdsl/ordered-map@4.4.2 checking installable status
480 http fetch GET 200 https://registry.npmjs.org/lodash.camelcase 288ms
481 http fetch GET 200 https://registry.npmjs.org/long 357ms
482 http fetch GET 200 https://registry.npmjs.org/yargs 385ms
483 http fetch GET 200 https://registry.npmjs.org/lodash.camelcase/-/lodash.camelcase-4.3.0.tgz 356ms
484 silly pacote range manifest for lodash.camelcase@^4.3.0 fetched in 693ms
485 silly resolveWithNewModule lodash.camelcase@4.3.0 checking installable status
486 http fetch GET 200 https://registry.npmjs.org/long/-/long-5.2.3.tgz 330ms
487 silly pacote range manifest for long@^5.0.0 fetched in 726ms
488 silly resolveWithNewModule long@5.2.3 checking installable status
489 http fetch GET 200 https://registry.npmjs.org/yargs/-/yargs-17.7.2.tgz 333ms
490 silly pacote range manifest for yargs@^17.7.2 fetched in 754ms
491 silly resolveWithNewModule yargs@17.7.2 checking installable status
492 http fetch GET 200 https://registry.npmjs.org/@protobufjs%2ffloat 459ms
493 http fetch GET 200 https://registry.npmjs.org/@protobufjs%2finquire 480ms
494 http fetch GET 200 https://registry.npmjs.org/@protobufjs%2feventemitter 499ms
495 http fetch GET 200 https://registry.npmjs.org/@protobufjs%2faspromise 515ms
496 http fetch GET 200 https://registry.npmjs.org/@protobufjs%2fbase64 541ms
497 http fetch GET 200 https://registry.npmjs.org/@protobufjs%2fpool 540ms
498 http fetch GET 200 https://registry.npmjs.org/@protobufjs%2ffetch 557ms
499 http fetch GET 200 https://registry.npmjs.org/@protobufjs%2fpath 554ms
500 http fetch GET 200 https://registry.npmjs.org/@protobufjs%2fcodegen 562ms
501 http fetch GET 200 https://registry.npmjs.org/@protobufjs%2futf8 556ms
502 http fetch GET 200 https://registry.npmjs.org/@protobufjs/eventemitter/-/eventemitter-1.1.0.tgz 350ms
503 http fetch GET 200 https://registry.npmjs.org/@protobufjs/float/-/float-1.0.2.tgz 392ms
504 http fetch GET 200 https://registry.npmjs.org/@protobufjs/aspromise/-/aspromise-1.1.2.tgz 358ms
505 http fetch GET 200 https://registry.npmjs.org/@protobufjs/inquire/-/inquire-1.1.0.tgz 381ms
506 silly pacote range manifest for @protobufjs/eventemitter@^1.1.0 fetched in 940ms
507 silly resolveWithNewModule @protobufjs/eventemitter@1.1.0 checking installable status
508 silly pacote range manifest for @protobufjs/float@^1.0.2 fetched in 941ms
509 silly resolveWithNewModule @protobufjs/float@1.0.2 checking installable status
510 silly pacote range manifest for @protobufjs/inquire@^1.1.0 fetched in 947ms
511 silly resolveWithNewModule @protobufjs/inquire@1.1.0 checking installable status
512 silly pacote range manifest for @protobufjs/aspromise@^1.1.2 fetched in 960ms
513 silly resolveWithNewModule @protobufjs/aspromise@1.1.2 checking installable status
514 http fetch GET 200 https://registry.npmjs.org/@protobufjs/base64/-/base64-1.1.2.tgz 415ms
515 http fetch GET 200 https://registry.npmjs.org/@protobufjs/utf8/-/utf8-1.1.0.tgz 393ms
516 http fetch GET 200 https://registry.npmjs.org/@protobufjs/path/-/path-1.1.2.tgz 406ms
517 silly pacote range manifest for @protobufjs/base64@^1.1.2 fetched in 984ms
518 silly resolveWithNewModule @protobufjs/base64@1.1.2 checking installable status
519 silly pacote range manifest for @protobufjs/utf8@^1.1.0 fetched in 976ms
520 silly resolveWithNewModule @protobufjs/utf8@1.1.0 checking installable status
521 http fetch GET 200 https://registry.npmjs.org/@protobufjs/pool/-/pool-1.1.0.tgz 432ms
522 http fetch GET 200 https://registry.npmjs.org/@protobufjs/fetch/-/fetch-1.1.0.tgz 420ms
523 silly pacote range manifest for @protobufjs/path@^1.1.2 fetched in 986ms
524 silly resolveWithNewModule @protobufjs/path@1.1.2 checking installable status
525 silly pacote range manifest for @protobufjs/pool@^1.1.0 fetched in 988ms
526 silly resolveWithNewModule @protobufjs/pool@1.1.0 checking installable status
527 silly pacote range manifest for @protobufjs/fetch@^1.1.0 fetched in 998ms
528 silly resolveWithNewModule @protobufjs/fetch@1.1.0 checking installable status
529 http fetch GET 200 https://registry.npmjs.org/@protobufjs/codegen/-/codegen-2.0.4.tgz 440ms
530 silly pacote range manifest for @protobufjs/codegen@^2.0.4 fetched in 1030ms
531 silly resolveWithNewModule @protobufjs/codegen@2.0.4 checking installable status
532 silly fetchPackageMetaData error for @types/node@>=13.7.0 request to https://registry.npmjs.org/@types%2fnode failed, reason: read ECONNABORTED
533 timing stage:rollbackFailedOptional Completed in 8ms
534 timing stage:runTopLevelLifecycles Completed in 40621ms
535 warn notsup Unsupported engine for firebase-tools@13.16.0: wanted: {"node":">=18.0.0 || >=20.0.0"} (current: {"node":"16.15.1","npm":"6.14.17"})
536 warn notsup Not compatible with your version of node/npm: firebase-tools@13.16.0
537 verbose notsup Not compatible with your version of node/npm: firebase-tools@13.16.0
537 verbose notsup Required: {"node":">=18.0.0 || >=20.0.0"}
537 verbose notsup Actual:   {"npm":"6.14.17","node":"16.15.1"}
538 warn notsup Unsupported engine for marked@13.0.3: wanted: {"node":">= 18"} (current: {"node":"16.15.1","npm":"6.14.17"})
539 warn notsup Not compatible with your version of node/npm: marked@13.0.3
540 verbose notsup Not compatible with your version of node/npm: marked@13.0.3
540 verbose notsup Required: {"node":">= 18"}
540 verbose notsup Actual:   {"npm":"6.14.17","node":"16.15.1"}
541 verbose type system
542 verbose stack FetchError: request to https://registry.npmjs.org/@types%2fnode failed, reason: read ECONNABORTED
542 verbose stack     at ClientRequest.<anonymous> (/data/data/io.tempage.dorynode/files/npm/node_modules/node-fetch-npm/src/index.js:68:14)
542 verbose stack     at ClientRequest.emit (node:events:527:28)
542 verbose stack     at TLSSocket.socketErrorListener (node:_http_client:454:9)
542 verbose stack     at TLSSocket.emit (node:events:527:28)
542 verbose stack     at emitErrorNT (node:internal/streams/destroy:157:8)
542 verbose stack     at emitErrorCloseNT (node:internal/streams/destroy:122:3)
542 verbose stack     at processTicksAndRejections (node:internal/process/task_queues:83:21)
543 verbose cwd /data/data/io.tempage.dorynode/app_HOME
544 verbose Linux 4.14.141+
545 verbose argv "/data/app/io.tempage.dorynode-Q3mWoQEuVEpL2zV2ebp-wA==/lib/arm64/lib_node_v16.so" "/data/user/0/io.tempage.dorynode/files/bin/npm" "install" "-g" "firebase-tools"
546 verbose node v16.15.1
547 verbose npm  v6.14.17
548 error code ECONNABORTED
549 error errno ECONNABORTED
550 error request to https://registry.npmjs.org/@types%2fnode failed, reason: read ECONNABORTED
551 verbose exit [ 1, true ]
