0 info it worked if it ends with ok
1 verbose cli [
1 verbose cli   '/data/app/io.tempage.dorynode-Q3mWoQEuVEpL2zV2ebp-wA==/lib/arm64/lib_node_v16.so',
1 verbose cli   '/data/user/0/io.tempage.dorynode/files/bin/npm',
1 verbose cli   'run',
1 verbose cli   'dev'
1 verbose cli ]
2 info using npm@6.14.17
3 info using node@v16.15.1
4 verbose stack Error: missing script: dev
4 verbose stack     at run (/data/data/io.tempage.dorynode/files/npm/lib/run-script.js:155:19)
4 verbose stack     at /data/data/io.tempage.dorynode/files/npm/lib/run-script.js:63:5
4 verbose stack     at /data/data/io.tempage.dorynode/files/npm/node_modules/read-package-json/read-json.js:116:5
4 verbose stack     at /data/data/io.tempage.dorynode/files/npm/node_modules/read-package-json/read-json.js:436:5
4 verbose stack     at checkBinReferences_ (/data/data/io.tempage.dorynode/files/npm/node_modules/read-package-json/read-json.js:391:45)
4 verbose stack     at final (/data/data/io.tempage.dorynode/files/npm/node_modules/read-package-json/read-json.js:434:3)
4 verbose stack     at then (/data/data/io.tempage.dorynode/files/npm/node_modules/read-package-json/read-json.js:161:5)
4 verbose stack     at ReadFileContext.<anonymous> (/data/data/io.tempage.dorynode/files/npm/node_modules/read-package-json/read-json.js:350:20)
4 verbose stack     at ReadFileContext.callback (/data/data/io.tempage.dorynode/files/npm/node_modules/graceful-fs/graceful-fs.js:123:16)
4 verbose stack     at FSReqCallback.readFileAfterOpen [as oncomplete] (node:fs:314:13)
5 verbose cwd /data/data/io.tempage.dorynode/app_HOME/accounting-system
6 verbose Linux 4.14.141+
7 verbose argv "/data/app/io.tempage.dorynode-Q3mWoQEuVEpL2zV2ebp-wA==/lib/arm64/lib_node_v16.so" "/data/user/0/io.tempage.dorynode/files/bin/npm" "run" "dev"
8 verbose node v16.15.1
9 verbose npm  v6.14.17
10 error missing script: dev
11 verbose exit [ 1, true ]
